<?xml version="1.0" encoding="UTF-8"?>
<!-- Generated by org.testng.reporters.JUnitReportReporter -->
<testsuite skipped="0" hostname="ARS-NBT-LAP-250" name="com.opus.testcases.TC_CaseInitiation_01" tests="8" failures="0" timestamp="06 Jun 2022 11:31:55 GMT" time="215.142" errors="0">
  <testcase name="bridgeLoginTest" time="9.366" classname="com.opus.testcases.TC_CaseInitiation_01"/>
  <testcase name="bridgeCaseAddDetails" time="29.722" classname="com.opus.testcases.TC_CaseInitiation_01"/>
  <testcase name="verifyAdminUserRoleHighlighterAllocator" time="13.036" classname="com.opus.testcases.TC_CaseInitiation_01"/>
  <testcase name="verifyUserAdminRoleHighlighter" time="18.547" classname="com.opus.testcases.TC_CaseInitiation_01"/>
  <testcase name="verifyUserAdminRoleDocumentationSpecialist" time="61.987" classname="com.opus.testcases.TC_CaseInitiation_01"/>
  <testcase name="verifyInsufficientDocsQcAllocator" time="43.060" classname="com.opus.testcases.TC_CaseInitiation_01"/>
  <testcase name="verifyInsufficientDocsQuality" time="25.749" classname="com.opus.testcases.TC_CaseInitiation_01"/>
  <testcase name="verifyInsufficientAllocator" time="13.675" classname="com.opus.testcases.TC_CaseInitiation_01"/>
</testsuite> <!-- com.opus.testcases.TC_CaseInitiation_01 -->
