<?xml version="1.0" encoding="UTF-8"?>
<!-- Generated by org.testng.reporters.JUnitReportReporter -->
<testsuite skipped="0" hostname="ARS-NBT-LAP-250" name="com.opus.testcases.TC_OpusVendorCaseAllocation_02" tests="2" failures="0" timestamp="08 Jun 2022 04:24:46 GMT" time="11.094" errors="0">
  <testcase name="verifyOpusAdminLogin" time="5.778" classname="com.opus.testcases.TC_OpusVendorCaseAllocation_02"/>
  <testcase name="verifyCheckAllocationByAllocatorToVendor" time="5.316" classname="com.opus.testcases.TC_OpusVendorCaseAllocation_02"/>
</testsuite> <!-- com.opus.testcases.TC_OpusVendorCaseAllocation_02 -->
