<?xml version="1.0" encoding="UTF-8"?>
<!-- Generated by org.testng.reporters.JUnitReportReporter -->
<testsuite skipped="0" hostname="ARS-NBT-LAP-250" name="com.opus.testcases.TC_OpusVendorCaseSubmission_03" tests="4" failures="0" timestamp="26 May 2022 10:41:13 GMT" time="141.225" errors="0">
  <testcase name="verifyVendorAccountLogin" time="7.790" classname="com.opus.testcases.TC_OpusVendorCaseSubmission_03"/>
  <testcase name="VerifyAssigningCheckToFieldExecutive" time="9.554" classname="com.opus.testcases.TC_OpusVendorCaseSubmission_03"/>
  <testcase name="verifyUpdateCheckDetails" time="110.771" classname="com.opus.testcases.TC_OpusVendorCaseSubmission_03"/>
  <testcase name="verifyMarkCheckAsSent" time="13.110" classname="com.opus.testcases.TC_OpusVendorCaseSubmission_03"/>
</testsuite> <!-- com.opus.testcases.TC_OpusVendorCaseSubmission_03 -->
