<?xml version="1.0" encoding="UTF-8"?>
<!-- Generated by org.testng.reporters.JUnitReportReporter -->
<testsuite skipped="0" hostname="ARS-NBT-LAP-250" name="com.opus.testcases.TC_OpusOnHoldCheck_11" tests="1" failures="0" timestamp="07 Jun 2022 12:08:36 GMT" time="244.996" errors="0">
  <testcase name="verifyBridgeCaseInitiation" time="244.996" classname="com.opus.testcases.TC_OpusOnHoldCheck_11"/>
</testsuite> <!-- com.opus.testcases.TC_OpusOnHoldCheck_11 -->
