<?xml version="1.0" encoding="UTF-8"?>
<!-- Generated by org.testng.reporters.JUnitReportReporter -->
<testsuite skipped="0" hostname="ARS-NBT-LAP-250" name="com.opus.testcases.TC_OpusVendorCaseAllocation_02" tests="2" failures="0" timestamp="30 May 2022 04:39:46 GMT" time="12.320" errors="0">
  <testcase name="verifyOpusAdminLogin" time="5.974" classname="com.opus.testcases.TC_OpusVendorCaseAllocation_02"/>
  <testcase name="verifyCheckAllocationByAllocatorToVendor" time="6.346" classname="com.opus.testcases.TC_OpusVendorCaseAllocation_02"/>
</testsuite> <!-- com.opus.testcases.TC_OpusVendorCaseAllocation_02 -->
