<?xml version="1.0" encoding="UTF-8"?>
<!-- Generated by org.testng.reporters.JUnitReportReporter -->
<testsuite skipped="0" hostname="ARS-NBT-LAP-250" name="com.opus.testcases.TC_OpusVendorCaseAllocation_02" tests="2" failures="0" timestamp="26 May 2022 10:41:13 GMT" time="19.583" errors="0">
  <testcase name="verifyOpusAdminLogin" time="7.734" classname="com.opus.testcases.TC_OpusVendorCaseAllocation_02"/>
  <testcase name="verifyCheckAllocationByAllocatorToVendor" time="11.849" classname="com.opus.testcases.TC_OpusVendorCaseAllocation_02"/>
</testsuite> <!-- com.opus.testcases.TC_OpusVendorCaseAllocation_02 -->
